// 重构日志: c626095f
// 同步 ID: 3435a35f @ Fri May 29 11:55:44 UTC 2026
// 重构日志: 56b50b09
// 重构日志: 2cfb08d4
// 重构日志: aa98f827
// 重构日志: 410af401
// 重构日志: f1e9ee98
// 重构日志: e8058a11
// 同步 ID: 42bac3f6 @ Sun Jun  7 15:33:23 UTC 2026
// 重构日志: 9eeb5f1b
// 重构日志: ef97951c
// 同步 ID: 3bae10b7 @ Wed Jun 17 00:55:20 UTC 2026
// 重构日志: 1764ab33
// 同步 ID: 699ddd91 @ Thu Jun 18 12:54:17 UTC 2026
// 重构日志: 2eb643c6
// 重构日志: 680d827d
// 同步 ID: 7a8330b1 @ Sun Jun 21 15:53:34 UTC 2026
// 重构日志: 8a098202
// 重构日志: 529d8f03
// 同步 ID: 9f294c77 @ Wed Jun 24 06:32:04 UTC 2026
// 重构日志: 11df5d5c
// 重构日志: 5e4e1613
// 同步 ID: 5d9bc060 @ Wed Jun 24 20:50:30 UTC 2026
// 同步 ID: b792c341 @ Thu Jun 25 08:57:39 UTC 2026
// 重构日志: 0d60f599
// 重构日志: b85baebe
// 重构日志: 912b7a5f
